<?xml version="1.0" encoding="UTF-8"?>
<testsuite xmlns:xsi="http://www.w3.org/2001/XMLSchema-instance" xsi:noNamespaceSchemaLocation="https://maven.apache.org/surefire/maven-surefire-plugin/xsd/surefire-test-report-3.0.xsd" version="3.0" name="com.greethy.mapper.MapperApplicationTests" time="2.679" tests="1" errors="0" skipped="0" failures="0">
  <properties>
[...]
</properties>
  <testcase name="contextLoads" classname="com.greethy.mapper.MapperApplicationTests" time="0.82">
    <system-out><![CDATA[11:22:27.221 [main] INFO org.springframework.test.context.support.AnnotationConfigContextLoaderUtils -- Could not detect default configuration classes for test class [com.greethy.mapper.MapperApplicationTests]: MapperApplicationTests does not declare any static, non-private, non-final, nested classes annotated with @Configuration.
11:22:27.340 [main] INFO org.springframework.boot.test.context.SpringBootTestContextBootstrapper -- Found @SpringBootConfiguration com.greethy.mapper.MapperApplication for test class com.greethy.mapper.MapperApplicationTests

  .   ____          _            __ _ _
 /\\ / ___'_ __ _ _(_)_ __  __ _ \ \ \ \
( ( )\___ | '_ | '_| | '_ \/ _` | \ \ \ \
 \\/  ___)| |_)| | | | | || (_| |  ) ) ) )
  '  |____| .__|_| |_|_| |_\__, | / / / /
 =========|_|==============|___/=/_/_/_/
 :: Spring Boot ::                (v3.2.2)

2024-02-12T11:22:27.761+07:00  INFO 14664 --- [           main] c.greethy.mapper.MapperApplicationTests  : Starting MapperApplicationTests using Java 20 with PID 14664 (started by ADMIN in C:\Users\ADMIN\OneDrive\Desktop\Master Dev\Java Backend\IntelliJ Workspace\greethy-backend\common\mapper)
2024-02-12T11:22:27.762+07:00  INFO 14664 --- [           main] c.greethy.mapper.MapperApplicationTests  : No active profile set, falling back to 1 default profile: "default"
2024-02-12T11:22:28.911+07:00  INFO 14664 --- [           main] c.greethy.mapper.MapperApplicationTests  : Started MapperApplicationTests in 1.426 seconds (process running for 2.348)
]]></system-out>
  </testcase>
</testsuite>